<?xml version="1.0" encoding="UTF-8"?>
<!-- Generated by org.testng.reporters.JUnitReportReporter -->
<testsuite hostname="LTIN513918" failures="0" tests="8" name="CAS_Project.TestClass" time="82.547" errors="0" timestamp="2024-05-05T16:31:41 IST" skipped="0">
  <testcase classname="CAS_Project.TestClass" name="testUser" time="6.624"/>
  <testcase classname="CAS_Project.TestClass" name="testCorporate" time="39.127"/>
  <testcase classname="CAS_Project.TestClass" name="getAppDetails" time="0.001"/>
  <testcase classname="CAS_Project.TestClass" name="ITScetion" time="4.354"/>
  <testcase classname="CAS_Project.TestClass" name="checkSections" time="2.397"/>
  <testcase classname="CAS_Project.TestClass" name="awards" time="11.368"/>
  <testcase classname="CAS_Project.TestClass" name="awards2" time="11.317"/>
  <testcase classname="CAS_Project.TestClass" name="awards3" time="7.359"/>
</testsuite> <!-- CAS_Project.TestClass -->
